TN:
SF:public/js/functionsToTest.js
FN:7,(anonymous_0)
FN:10,(anonymous_1)
FN:26,(anonymous_2)
FN:31,(anonymous_3)
FNF:4
FNH:4
FNDA:3,(anonymous_0)
FNDA:3,(anonymous_1)
FNDA:5,(anonymous_2)
FNDA:103,(anonymous_3)
DA:7,1
DA:8,3
DA:9,3
DA:10,1
DA:11,3
DA:14,2
DA:16,3
DA:26,1
DA:27,5
DA:28,2
DA:31,103
DA:32,3
DA:33,3
DA:36,1
LF:14
LH:14
BRDA:9,0,0,1
BRDA:9,0,1,2
BRDA:27,1,0,2
BRDA:27,1,1,3
BRF:4
BRH:4
end_of_record
TN:
SF:public/js/tests/test-utils.js
FN:1,(anonymous_0)
FNF:1
FNH:1
FNDA:1,(anonymous_0)
DA:1,1
DA:2,1
DA:3,1
DA:4,100
DA:6,1
DA:9,1
LF:6
LH:6
BRF:0
BRH:0
end_of_record
